[backblue.gif]
[fade.gif]
[index.html]
[ghosted.vip/img/favicon.ico]
[ghosted.vip/forum/index.44886.delayed]
[use.fontawesome.com/releases/v5.8.0/css/all.css]
[ghosted.vip/forum/index.php]
[ghosted.vip/img/main.png]
[ghosted.vip/js/script.js]
[ghosted.vip/index.html]
[use.fontawesome.com/releases/v5.8.0/css/all.css]
[ghosted.vip/img/hero-bg.png]
[ghosted.vip/css/style.css]
[ghosted.vip/index-2.html]
[ghosted.vip/forum/index4886.html]
[ghosted.vip/forum/index.html]
[ghosted.vip/img/home4.html]
[use.fontawesome.com/releases/v5.8.0/js/all.js]
[ghosted.vip/js/jquery.min.js]
[ghosted.vip/img/overlay.html]
[ghosted.vip/img/bg-advantages.html]
